<?xml version="1.0" encoding="UTF-8" standalone="yes"?><!DOCTYPE report PUBLIC "-//JACOCO//DTD Report 1.1//EN" "report.dtd"><report name="iBox"><sessioninfo id="jlepere2-Z370N-WIFI-c3dfa5c6" start="1551200647616" dump="1551200648325"/><sessioninfo id="jlepere2-Z370N-WIFI-69b5ac30" start="1551200678603" dump="1551200679185"/><sessioninfo id="jlepere2-Z370N-WIFI-c8be0ec5" start="1551200756029" dump="1551200756656"/><sessioninfo id="jlepere2-Z370N-WIFI-7cfd052f" start="1551200814242" dump="1551200814770"/><sessioninfo id="jlepere2-Z370N-WIFI-7098187c" start="1551200835915" dump="1551200836445"/><sessioninfo id="jlepere2-Z370N-WIFI-4c13fce5" start="1551200875586" dump="1551200876121"/><sessioninfo id="jlepere2-Z370N-WIFI-a9134b63" start="1551202198111" dump="1551202198868"/><sessioninfo id="jlepere2-Z370N-WIFI-eed45a90" start="1551202279368" dump="1551202280069"/><sessioninfo id="jlepere2-Z370N-WIFI-14e5e7fe" start="1551233441843" dump="1551233442500"/><sessioninfo id="jlepere2-Z370N-WIFI-75186d06" start="1551234121666" dump="1551234122333"/></report>